[ 1/10] MLP-64    params= 0.110M  ELBO= 156.56 recon= 151.17 KL=  5.39  kNN=0.6369 sil=+0.035  1.7s
[ 2/10] MLP-128   params= 0.236M  ELBO= 149.13 recon= 143.13 KL=  6.00  kNN=0.7176 sil=+0.119  1.7s
[ 3/10] MLP-256   params= 0.536M  ELBO= 145.66 recon= 139.34 KL=  6.32  kNN=0.7410 sil=+0.113  1.6s
[ 4/10] MLP-512   params= 1.333M  ELBO= 144.59 recon= 138.16 KL=  6.43  kNN=0.7501 sil=+0.080  1.6s
[ 5/10] MLP-1024  params= 3.714M  ELBO= 143.90 recon= 137.25 KL=  6.66  kNN=0.7620 sil=+0.058  1.7s
[ 6/10] Conv-16   params= 0.061M  ELBO= 147.02 recon= 140.84 KL=  6.18  kNN=0.7569 sil=+0.105  8.9s
[ 7/10] Conv-32   params= 0.229M  ELBO= 145.44 recon= 139.02 KL=  6.42  kNN=0.7637 sil=+0.102  11.6s
[ 8/10] Conv-64   params= 0.885M  ELBO= 144.71 recon= 138.04 KL=  6.67  kNN=0.7791 sil=+0.097  18.9s
[ 9/10] Conv-128  params= 3.473M  ELBO= 145.88 recon= 139.32 KL=  6.56  kNN=0.7552 sil=+0.106  38.4s
[10/10] Conv-256  params=13.762M  ELBO= 150.13 recon= 143.96 KL=  6.18  kNN=0.7332 sil=+0.088  89.9s

====================================================================================================
排名  模型        参数量       ELBO↓    recon↓   kNN↑    sil↑    生成分     编码分     综合分    
----------------------------------------------------------------------------------------------------
1    Conv-64   0.885     144.71   138.04   0.7791  +0.097  0.936   1.000   0.968  
2    MLP-1024  3.714     143.90   137.25   0.7620  +0.058  1.000   0.880   0.940  
3    Conv-32   0.229     145.44   139.02   0.7637  +0.102  0.879   0.892   0.885  
4    MLP-512   1.333     144.59   138.16   0.7501  +0.080  0.946   0.796   0.871  
5    Conv-128  3.473     145.88   139.32   0.7552  +0.106  0.844   0.832   0.838  
6    Conv-16   0.061     147.02   140.84   0.7569  +0.105  0.754   0.844   0.799  
7    MLP-256   0.536     145.66   139.34   0.7410  +0.113  0.861   0.732   0.797  
8    Conv-256  13.762    150.13   143.96   0.7332  +0.088  0.508   0.677   0.593  
9    MLP-128   0.236     149.13   143.13   0.7176  +0.119  0.587   0.568   0.577  
10   MLP-64    0.110     156.56   151.17   0.6369  +0.035  0.000   0.000   0.000  
====================================================================================================

>>> 综合最优:Conv-64  (参数量 0.885M, ELBO 144.7, kNN 0.779)

散点对比图 -> runs/sweep/latent_compare.png   结果 -> runs/sweep/results.json
